{
  "RSpec": {
    "coverage": {
      "/home/luan/my_calculator/app.rb": {
        "lines": [
          1,
          1,
          1,
          null,
          1,
          1,
          1,
          null,
          null,
          1,
          4,
          4,
          4,
          4,
          4,
          4,
          null
        ]
      },
      "/home/luan/my_calculator/models/calculator.rb": {
        "lines": [
          1,
          1,
          10,
          10,
          null,
          10,
          2,
          2,
          2,
          3,
          1,
          null,
          null
        ]
      },
      "/home/luan/my_calculator/spec/models/calculator_spec.rb": {
        "lines": [
          1,
          1,
          null,
          1,
          7,
          null,
          1,
          1,
          null,
          null,
          1,
          1,
          null,
          null,
          1,
          1,
          null,
          null,
          1,
          1,
          null,
          null,
          1,
          1,
          null,
          null,
          1,
          1,
          null
        ]
      }
    },
    "timestamp": 1744135897
  }
}
